  
= ----- 19/03/2024 9:20:49 am
= MRDCL 32 version 23.1b Startup
= C:\Users\pada2001\Desktop\Projects\2024\Wall E\Q1 2024\WallE-Q1-2024\WALL-E_CATEGORY_Q4-Profile.stp
= Copyright 1990 - 2023 MRDC Software Ltd, Kent, England
  CEP
  CSV 2002 style + Rounded numbers
  OLDNAMES
  TERSE
  C(A)=C:\Users\pada2001\Desktop\Projects\2024\Wall E\Q1 2024\WallE-Q1-2024\FEB2024V3.ASC
= MRDCL 32 version 23.1b startup completed
  
= ----- 19/03/2024 9:20:49 am
= MRDCL 32 compilation phase startup
  Starting compilation
= Stage 1 (data)
  Temporary words used 23123
= Stage 2 (tables)
>> Warnings 13
= MRDCL 32 compilation phase completed
  
= ----- 19/03/2024 9:20:52 am
= MRDCL 32 execution phase startup
= Stage 1 (data)
  Now opening file (A) number 1
  C:\Users\pada2001\Desktop\Projects\2024\Wall E\Q1 2024\WallE-Q1-2024\FEB2024V3.ASC
   867 lines read from FEB2024V3.ASC
=  Data lines read 867
=  Records 867
  Number of times reached finish data 867
  Write commands rejected 0
  Write commands accepted 600
  IDF records 600
= Stage 2 (tables)
  Records to be read 600
  Passes needed 1
= MRDCL 32 execution phase completed
  
= ----- 19/03/2024 9:21:32 am
= MRDCL 32 print phase startup
>>Table #1 output as 1, decimal places discarded, 80 occurences
= MRDCL 32 print phase completed
= CL run completed
  Data lines read 867
  IDF data records 600
  Table pages 5
  
= ----- 19/03/2024 9:21:32 am
