  
= ----- 01/03/2024 9:09:18 am
= MRDCL 32 version 23.1b Startup
= C:\Users\pada2001\Desktop\Projects\2024\Wall E\Q1 2024\WallE-Q1-2024\WALLEv2_margin.stp
= Copyright 1990 - 2023 MRDC Software Ltd, Kent, England
  CEP
  CSV 2002 style + Rounded numbers
  OLDNAMES
  C(A)=C:\Users\pada2001\Desktop\Projects\2024\Wall E\Q1 2024\WallE-Q1-2024\JAN2024.ASC
= MRDCL 32 version 23.1b startup completed
  
= ----- 01/03/2024 9:09:18 am
= MRDCL 32 compilation phase startup
  Starting compilation
= Stage 1 (data)
= Stage 2 (tables)
>> Warnings 24
= MRDCL 32 compilation phase completed
  
= ----- 01/03/2024 9:09:19 am
= MRDCL 32 execution phase startup
= Stage 1 (data)
  Now opening file (A) number 1
  C:\Users\pada2001\Desktop\Projects\2024\Wall E\Q1 2024\WallE-Q1-2024\JAN2024.ASC
   835 lines read from JAN2024.ASC
=  Data lines read 835
=  Records 835
  Number of times reached finish data 835
  Write commands rejected 0
  Write commands accepted 459
  IDF records 459
  No list summary, no lists executed
= Stage 2 (tables)
  Records to be read 459
  Passes needed 1
= MRDCL 32 execution phase completed
  
= ----- 01/03/2024 9:09:41 am
= MRDCL 32 print phase startup
>>The process cannot access the file because it is being used by another process.

>>Unable to write to the following file for the reason given.  Please retry when ready.
>>C:\Users\pada2001\Desktop\Projects\2024\Wall E\Q1 2024\WallE-Q1-2024\WALLEv2_margin.csv
>>MRDCL 23.1b File Error 0113
= MRDCL 32 print phase completed
= CL run completed
  Data lines read 835
  IDF data records 459
  Table pages 3
  
= ----- 01/03/2024 9:09:46 am
