  
= ----- 13/03/2024 17:30:01 pm
= MRDCL 32 version 23.1b Startup
= C:\Users\pada2001\Desktop\Projects\2024\Wall E\Q1 2024\WallE-Q1-2024\WALL-E_A&C_Q1_2024_AdEval_GStocksXHearts.stp
= Copyright 1990 - 2023 MRDC Software Ltd, Kent, England
  CEP
  CSV 2002 style + Rounded numbers
  OLDNAMES
  TERSE
  C(A)=C:\Users\pada2001\Desktop\Projects\2024\Wall E\Q1 2024\WallE-Q1-2024\JAN2024V3.ASC
  C(A)=C:\Users\pada2001\Desktop\Projects\2024\Wall E\Q1 2024\WallE-Q1-2024\FEB2024V3.ASC
= MRDCL 32 version 23.1b startup completed
  
= ----- 13/03/2024 17:30:01 pm
= MRDCL 32 compilation phase startup
  Starting compilation
= Stage 1 (data)
  Temporary words used 23123
= Stage 2 (tables)
>> Warnings 13
= MRDCL 32 compilation phase completed
  
= ----- 13/03/2024 17:30:04 pm
= MRDCL 32 execution phase startup
= Stage 1 (data)
  Now opening file (A) number 1
  C:\Users\pada2001\Desktop\Projects\2024\Wall E\Q1 2024\WallE-Q1-2024\JAN2024V3.ASC
   825 lines read from JAN2024V3.ASC
  Now opening file (A) number 2
  C:\Users\pada2001\Desktop\Projects\2024\Wall E\Q1 2024\WallE-Q1-2024\FEB2024V3.ASC
   867 lines read from FEB2024V3.ASC
=  Data lines read 1692
=  Records 1692
  Number of times reached finish data 1692
  Write commands rejected 0
  Write commands accepted 216
  IDF records 216
= Stage 2 (tables)
  Records to be read 216
  Passes needed 1
= MRDCL 32 execution phase completed
  
= ----- 13/03/2024 17:31:10 pm
= MRDCL 32 print phase startup
>>The process cannot access the file because it is being used by another process.

>>Unable to write to the following file for the reason given.  Please retry when ready.
>>C:\Users\pada2001\Desktop\Projects\2024\Wall E\Q1 2024\WallE-Q1-2024\WALL-E_A&C_Q1_2024_AdEval_GStocksXHearts.csv
>>MRDCL 23.1b File Error 0113
>>Table #1 output as 1, decimal places discarded, 26 occurences
>>Table #2 output as 2, decimal places discarded, 32 occurences
>>Table #3 output as 3, decimal places discarded, 10 occurences
>>Table #4 output as 4, decimal places discarded, 30 occurences
>>Table #5 output as 5, decimal places discarded, 54 occurences
>>Table #6 output as 6, decimal places discarded, 62 occurences
>>Table #7 output as 7, decimal places discarded, 22 occurences
>>Table #8 output as 8, decimal places discarded, 63 occurences
>>Table #9 output as 9, decimal places discarded, 26 occurences
>>Table #10 output as 10, decimal places discarded, 33 occurences
>>Table #11 output as 11, decimal places discarded, 10 occurences
>>Table #12 output as 12, decimal places discarded, 29 occurences
>>Table #13 output as 13, decimal places discarded, 56 occurences
>>Table #14 output as 14, decimal places discarded, 53 occurences
>>Table #15 output as 15, decimal places discarded, 24 occurences
>>Table #16 output as 16, decimal places discarded, 42 occurences
>>Table #17 output as 17, decimal places discarded, 39 occurences
>>Table #18 output as 18, decimal places discarded, 48 occurences
>>Table #19 output as 19, decimal places discarded, 15 occurences
>>Table #20 output as 20, decimal places discarded, 39 occurences
>>Table #21 output as 21, decimal places discarded, 78 occurences
>>Table #22 output as 22, decimal places discarded, 75 occurences
>>Table #23 output as 23, decimal places discarded, 33 occurences
>>Table #24 output as 24, decimal places discarded, 54 occurences
>>Table #25 output as 25, decimal places discarded, 31 occurences
>>Table #26 output as 26, decimal places discarded, 37 occurences
>>Table #27 output as 27, decimal places discarded, 10 occurences
>>Table #28 output as 28, decimal places discarded, 33 occurences
>>Table #29 output as 29, decimal places discarded, 69 occurences
>>Table #30 output as 30, decimal places discarded, 63 occurences
>>Table #31 output as 31, decimal places discarded, 27 occurences
>>Table #32 output as 32, decimal places discarded, 47 occurences
>>Table #33 output as 33, decimal places discarded, 40 occurences
>>Table #34 output as 34, decimal places discarded, 55 occurences
>>Table #35 output as 35, decimal places discarded, 15 occurences
>>Table #36 output as 36, decimal places discarded, 52 occurences
>>Table #37 output as 37, decimal places discarded, 109 occurences
>>Table #38 output as 38, decimal places discarded, 100 occurences
>>Table #39 output as 39, decimal places discarded, 46 occurences
>>Table #40 output as 40, decimal places discarded, 80 occurences
>>Table #41 output as 41, decimal places discarded, 26 occurences
>>Table #42 output as 42, decimal places discarded, 32 occurences
>>Table #43 output as 43, decimal places discarded, 10 occurences
>>Table #44 output as 44, decimal places discarded, 30 occurences
>>Table #45 output as 45, decimal places discarded, 55 occurences
>>Table #46 output as 46, decimal places discarded, 58 occurences
>>Table #47 output as 47, decimal places discarded, 22 occurences
>>Table #48 output as 48, decimal places discarded, 63 occurences
>>Table #49 output as 49, decimal places discarded, 26 occurences
>>Table #50 output as 50, decimal places discarded, 33 occurences
>>Table #51 output as 51, decimal places discarded, 10 occurences
>>Table #52 output as 52, decimal places discarded, 30 occurences
>>Table #53 output as 53, decimal places discarded, 63 occurences
>>Table #54 output as 54, decimal places discarded, 53 occurences
>>Table #55 output as 55, decimal places discarded, 24 occurences
>>Table #56 output as 56, decimal places discarded, 43 occurences
>>Table #57 output as 57, decimal places discarded, 26 occurences
>>Table #58 output as 58, decimal places discarded, 32 occurences
>>Table #59 output as 59, decimal places discarded, 10 occurences
>>Table #60 output as 60, decimal places discarded, 32 occurences
>>Table #61 output as 61, decimal places discarded, 55 occurences
>>Table #62 output as 62, decimal places discarded, 56 occurences
>>Table #63 output as 63, decimal places discarded, 22 occurences
>>Table #64 output as 64, decimal places discarded, 60 occurences
>>Table #65 output as 65, decimal places discarded, 26 occurences
>>Table #66 output as 66, decimal places discarded, 32 occurences
>>Table #67 output as 67, decimal places discarded, 10 occurences
>>Table #68 output as 68, decimal places discarded, 30 occurences
>>Table #69 output as 69, decimal places discarded, 55 occurences
>>Table #70 output as 70, decimal places discarded, 58 occurences
>>Table #71 output as 71, decimal places discarded, 22 occurences
>>Table #72 output as 72, decimal places discarded, 63 occurences
>>Table #73 output as 73, decimal places discarded, 26 occurences
>>Table #74 output as 74, decimal places discarded, 33 occurences
>>Table #75 output as 75, decimal places discarded, 10 occurences
>>Table #76 output as 76, decimal places discarded, 29 occurences
>>Table #77 output as 77, decimal places discarded, 58 occurences
>>Table #78 output as 78, decimal places discarded, 54 occurences
>>Table #79 output as 79, decimal places discarded, 24 occurences
>>Table #80 output as 80, decimal places discarded, 42 occurences
>>Table #81 output as 81, decimal places discarded, 26 occurences
>>Table #82 output as 82, decimal places discarded, 33 occurences
>>Table #83 output as 83, decimal places discarded, 10 occurences
>>Table #84 output as 84, decimal places discarded, 32 occurences
>>Table #85 output as 85, decimal places discarded, 54 occurences
>>Table #86 output as 86, decimal places discarded, 55 occurences
>>Table #87 output as 87, decimal places discarded, 22 occurences
>>Table #88 output as 88, decimal places discarded, 59 occurences
>>Table #89 output as 89, decimal places discarded, 52 occurences
>>Table #91 output as 91, decimal places discarded, 80 occurences
>>Table #93 output as 93, decimal places discarded, 20 occurences
>>Table #95 output as 95, decimal places discarded, 60 occurences
>>Table #97 output as 97, decimal places discarded, 108 occurences
>>Table #99 output as 99, decimal places discarded, 148 occurences
>>Table #101 output as 101, decimal places discarded, 44 occurences
>>Table #103 output as 103, decimal places discarded, 149 occurences
>>Table #105 output as 105, decimal places discarded, 54 occurences
>>Table #107 output as 107, decimal places discarded, 69 occurences
>>Table #109 output as 109, decimal places discarded, 20 occurences
>>Table #111 output as 111, decimal places discarded, 67 occurences
>>Table #113 output as 113, decimal places discarded, 129 occurences
>>Table #115 output as 115, decimal places discarded, 124 occurences
>>Table #117 output as 117, decimal places discarded, 50 occurences
>>Table #119 output as 119, decimal places discarded, 103 occurences
>>Table #121 output as 121, decimal places discarded, 52 occurences
>>Table #123 output as 123, decimal places discarded, 64 occurences
>>Table #125 output as 125, decimal places discarded, 20 occurences
>>Table #127 output as 127, decimal places discarded, 66 occurences
>>Table #129 output as 129, decimal places discarded, 109 occurences
>>Table #131 output as 131, decimal places discarded, 137 occurences
>>Table #133 output as 133, decimal places discarded, 44 occurences
>>Table #135 output as 135, decimal places discarded, 125 occurences
>>Table #137 output as 137, decimal places discarded, 13 occurences
>>Table #138 output as 138, decimal places discarded, 16 occurences
>>Table #139 output as 139, decimal places discarded, 5 occurences
>>Table #140 output as 140, decimal places discarded, 15 occurences
>>Table #141 output as 141, decimal places discarded, 27 occurences
>>Table #142 output as 142, decimal places discarded, 31 occurences
>>Table #143 output as 143, decimal places discarded, 11 occurences
>>Table #144 output as 144, decimal places discarded, 28 occurences
>>Table #145 output as 145, decimal places discarded, 13 occurences
>>Table #146 output as 146, decimal places discarded, 16 occurences
>>Table #147 output as 147, decimal places discarded, 5 occurences
>>Table #148 output as 148, decimal places discarded, 15 occurences
>>Table #149 output as 149, decimal places discarded, 28 occurences
>>Table #150 output as 150, decimal places discarded, 27 occurences
>>Table #151 output as 151, decimal places discarded, 11 occurences
>>Table #152 output as 152, decimal places discarded, 24 occurences
>>Table #153 output as 153, decimal places discarded, 13 occurences
>>Table #154 output as 154, decimal places discarded, 16 occurences
>>Table #155 output as 155, decimal places discarded, 5 occurences
>>Table #156 output as 156, decimal places discarded, 17 occurences
>>Table #157 output as 157, decimal places discarded, 26 occurences
>>Table #158 output as 158, decimal places discarded, 27 occurences
>>Table #159 output as 159, decimal places discarded, 11 occurences
>>Table #160 output as 160, decimal places discarded, 28 occurences
>>Table #161 output as 161, decimal places discarded, 13 occurences
>>Table #162 output as 162, decimal places discarded, 16 occurences
>>Table #163 output as 163, decimal places discarded, 5 occurences
>>Table #164 output as 164, decimal places discarded, 15 occurences
>>Table #165 output as 165, decimal places discarded, 27 occurences
>>Table #166 output as 166, decimal places discarded, 31 occurences
>>Table #167 output as 167, decimal places discarded, 11 occurences
>>Table #168 output as 168, decimal places discarded, 33 occurences
>>Table #169 output as 169, decimal places discarded, 15 occurences
>>Table #170 output as 170, decimal places discarded, 19 occurences
>>Table #171 output as 171, decimal places discarded, 5 occurences
>>Table #172 output as 172, decimal places discarded, 20 occurences
>>Table #173 output as 173, decimal places discarded, 41 occurences
>>Table #174 output as 174, decimal places discarded, 37 occurences
>>Table #175 output as 175, decimal places discarded, 13 occurences
>>Table #176 output as 176, decimal places discarded, 31 occurences
>>Table #177 output as 177, decimal places discarded, 13 occurences
>>Table #178 output as 178, decimal places discarded, 16 occurences
>>Table #179 output as 179, decimal places discarded, 5 occurences
>>Table #180 output as 180, decimal places discarded, 17 occurences
>>Table #181 output as 181, decimal places discarded, 26 occurences
>>Table #182 output as 182, decimal places discarded, 28 occurences
>>Table #183 output as 183, decimal places discarded, 11 occurences
>>Table #184 output as 184, decimal places discarded, 30 occurences
>>Table #185 output as 185, decimal places discarded, 156 occurences
>>Table #191 output as 191, decimal places discarded, 208 occurences
>>Table #197 output as 197, decimal places discarded, 60 occurences
>>Table #203 output as 203, decimal places discarded, 186 occurences
>>Table #209 output as 209, decimal places discarded, 370 occurences
>>Table #215 output as 215, decimal places discarded, 421 occurences
>>Table #221 output as 221, decimal places discarded, 132 occurences
>>Table #227 output as 227, decimal places discarded, 447 occurences
>>Table #233 output as 233, decimal places discarded, 177 occurences
>>Table #239 output as 239, decimal places discarded, 216 occurences
>>Table #245 output as 245, decimal places discarded, 60 occurences
>>Table #251 output as 251, decimal places discarded, 205 occurences
>>Table #257 output as 257, decimal places discarded, 435 occurences
>>Table #263 output as 263, decimal places discarded, 375 occurences
>>Table #269 output as 269, decimal places discarded, 157 occurences
>>Table #275 output as 275, decimal places discarded, 320 occurences
>>Table #281 output as 281, decimal places discarded, 156 occurences
>>Table #287 output as 287, decimal places discarded, 208 occurences
>>Table #293 output as 293, decimal places discarded, 60 occurences
>>Table #299 output as 299, decimal places discarded, 201 occurences
>>Table #305 output as 305, decimal places discarded, 372 occurences
>>Table #311 output as 311, decimal places discarded, 374 occurences
>>Table #317 output as 317, decimal places discarded, 132 occurences
>>Table #323 output as 323, decimal places discarded, 399 occurences
>>Table #329 output as 329, decimal places discarded, 13 occurences
>>Table #330 output as 330, decimal places discarded, 16 occurences
>>Table #331 output as 331, decimal places discarded, 5 occurences
>>Table #332 output as 332, decimal places discarded, 15 occurences
>>Table #333 output as 333, decimal places discarded, 27 occurences
>>Table #334 output as 334, decimal places discarded, 29 occurences
>>Table #335 output as 335, decimal places discarded, 11 occurences
>>Table #336 output as 336, decimal places discarded, 37 occurences
>>Table #337 output as 337, decimal places discarded, 13 occurences
>>Table #338 output as 338, decimal places discarded, 17 occurences
>>Table #339 output as 339, decimal places discarded, 5 occurences
>>Table #340 output as 340, decimal places discarded, 21 occurences
>>Table #341 output as 341, decimal places discarded, 35 occurences
>>Table #342 output as 342, decimal places discarded, 27 occurences
>>Table #343 output as 343, decimal places discarded, 13 occurences
>>Table #344 output as 344, decimal places discarded, 30 occurences
>>Table #345 output as 345, decimal places discarded, 13 occurences
>>Table #346 output as 346, decimal places discarded, 16 occurences
>>Table #347 output as 347, decimal places discarded, 5 occurences
>>Table #348 output as 348, decimal places discarded, 20 occurences
>>Table #349 output as 349, decimal places discarded, 34 occurences
>>Table #350 output as 350, decimal places discarded, 27 occurences
>>Table #351 output as 351, decimal places discarded, 11 occurences
>>Table #352 output as 352, decimal places discarded, 37 occurences
>>Table #353 output as 353, decimal places discarded, 13 occurences
>>Table #354 output as 354, decimal places discarded, 16 occurences
>>Table #355 output as 355, decimal places discarded, 5 occurences
>>Table #356 output as 356, decimal places discarded, 21 occurences
>>Table #357 output as 357, decimal places discarded, 41 occurences
>>Table #358 output as 358, decimal places discarded, 37 occurences
>>Table #359 output as 359, decimal places discarded, 11 occurences
>>Table #360 output as 360, decimal places discarded, 61 occurences
>>Table #361 output as 361, decimal places discarded, 32 occurences
>>Table #362 output as 362, decimal places discarded, 32 occurences
>>Table #363 output as 363, decimal places discarded, 5 occurences
>>Table #364 output as 364, decimal places discarded, 45 occurences
>>Table #365 output as 365, decimal places discarded, 93 occurences
>>Table #366 output as 366, decimal places discarded, 69 occurences
>>Table #367 output as 367, decimal places discarded, 18 occurences
>>Table #368 output as 368, decimal places discarded, 68 occurences
>>Table #369 output as 369, decimal places discarded, 13 occurences
>>Table #370 output as 370, decimal places discarded, 16 occurences
>>Table #371 output as 371, decimal places discarded, 5 occurences
>>Table #372 output as 372, decimal places discarded, 22 occurences
>>Table #373 output as 373, decimal places discarded, 40 occurences
>>Table #374 output as 374, decimal places discarded, 34 occurences
>>Table #375 output as 375, decimal places discarded, 11 occurences
>>Table #376 output as 376, decimal places discarded, 50 occurences
>>Table #377 output as 377, decimal places discarded, 26 occurences
>>Table #378 output as 378, decimal places discarded, 48 occurences
>>Table #379 output as 379, decimal places discarded, 10 occurences
>>Table #380 output as 380, decimal places discarded, 31 occurences
>>Table #381 output as 381, decimal places discarded, 54 occurences
>>Table #382 output as 382, decimal places discarded, 60 occurences
>>Table #383 output as 383, decimal places discarded, 22 occurences
>>Table #384 output as 384, decimal places discarded, 65 occurences
>>Table #385 output as 385, decimal places discarded, 26 occurences
>>Table #386 output as 386, decimal places discarded, 33 occurences
>>Table #387 output as 387, decimal places discarded, 10 occurences
>>Table #388 output as 388, decimal places discarded, 29 occurences
>>Table #389 output as 389, decimal places discarded, 56 occurences
>>Table #390 output as 390, decimal places discarded, 55 occurences
>>Table #391 output as 391, decimal places discarded, 24 occurences
>>Table #392 output as 392, decimal places discarded, 43 occurences
>>Table #393 output as 393, decimal places discarded, 26 occurences
>>Table #394 output as 394, decimal places discarded, 32 occurences
>>Table #395 output as 395, decimal places discarded, 10 occurences
>>Table #396 output as 396, decimal places discarded, 34 occurences
>>Table #397 output as 397, decimal places discarded, 54 occurences
>>Table #398 output as 398, decimal places discarded, 54 occurences
>>Table #399 output as 399, decimal places discarded, 22 occurences
>>Table #400 output as 400, decimal places discarded, 62 occurences
>>Table #401 output as 401, decimal places discarded, 117 occurences
>>Table #407 output as 407, decimal places discarded, 160 occurences
>>Table #413 output as 413, decimal places discarded, 45 occurences
>>Table #419 output as 419, decimal places discarded, 137 occurences
>>Table #425 output as 425, decimal places discarded, 247 occurences
>>Table #431 output as 431, decimal places discarded, 311 occurences
>>Table #437 output as 437, decimal places discarded, 99 occurences
>>Table #443 output as 443, decimal places discarded, 327 occurences
>>Table #449 output as 449, decimal places discarded, 117 occurences
>>Table #455 output as 455, decimal places discarded, 160 occurences
>>Table #461 output as 461, decimal places discarded, 45 occurences
>>Table #467 output as 467, decimal places discarded, 161 occurences
>>Table #473 output as 473, decimal places discarded, 320 occurences
>>Table #479 output as 479, decimal places discarded, 310 occurences
>>Table #485 output as 485, decimal places discarded, 135 occurences
>>Table #491 output as 491, decimal places discarded, 242 occurences
>>Table #497 output as 497, decimal places discarded, 119 occurences
>>Table #503 output as 503, decimal places discarded, 160 occurences
>>Table #509 output as 509, decimal places discarded, 45 occurences
>>Table #515 output as 515, decimal places discarded, 154 occurences
>>Table #521 output as 521, decimal places discarded, 258 occurences
>>Table #527 output as 527, decimal places discarded, 295 occurences
>>Table #533 output as 533, decimal places discarded, 101 occurences
>>Table #539 output as 539, decimal places discarded, 300 occurences
>>Table #545 output as 545, decimal places discarded, 13 occurences
>>Table #546 output as 546, decimal places discarded, 16 occurences
>>Table #547 output as 547, decimal places discarded, 5 occurences
>>Table #548 output as 548, decimal places discarded, 15 occurences
>>Table #549 output as 549, decimal places discarded, 27 occurences
>>Table #550 output as 550, decimal places discarded, 33 occurences
>>Table #551 output as 551, decimal places discarded, 11 occurences
>>Table #552 output as 552, decimal places discarded, 33 occurences
>>Table #553 output as 553, decimal places discarded, 13 occurences
>>Table #554 output as 554, decimal places discarded, 24 occurences
>>Table #555 output as 555, decimal places discarded, 5 occurences
>>Table #556 output as 556, decimal places discarded, 30 occurences
>>Table #557 output as 557, decimal places discarded, 61 occurences
>>Table #558 output as 558, decimal places discarded, 61 occurences
>>Table #559 output as 559, decimal places discarded, 29 occurences
>>Table #560 output as 560, decimal places discarded, 49 occurences
>>Table #561 output as 561, decimal places discarded, 13 occurences
>>Table #562 output as 562, decimal places discarded, 16 occurences
>>Table #563 output as 563, decimal places discarded, 5 occurences
>>Table #564 output as 564, decimal places discarded, 21 occurences
>>Table #565 output as 565, decimal places discarded, 26 occurences
>>Table #566 output as 566, decimal places discarded, 28 occurences
>>Table #567 output as 567, decimal places discarded, 11 occurences
>>Table #568 output as 568, decimal places discarded, 34 occurences
>>Table #569 output as 569, decimal places discarded, 27 occurences
>>Table #570 output as 570, decimal places discarded, 56 occurences
>>Table #571 output as 571, decimal places discarded, 5 occurences
>>Table #572 output as 572, decimal places discarded, 72 occurences
>>Table #573 output as 573, decimal places discarded, 105 occurences
>>Table #574 output as 574, decimal places discarded, 135 occurences
>>Table #575 output as 575, decimal places discarded, 35 occurences
>>Table #576 output as 576, decimal places discarded, 155 occurences
>>Table #577 output as 577, decimal places discarded, 67 occurences
>>Table #578 output as 578, decimal places discarded, 90 occurences
>>Table #579 output as 579, decimal places discarded, 20 occurences
>>Table #580 output as 580, decimal places discarded, 80 occurences
>>Table #581 output as 581, decimal places discarded, 153 occurences
>>Table #582 output as 582, decimal places discarded, 148 occurences
>>Table #583 output as 583, decimal places discarded, 57 occurences
>>Table #584 output as 584, decimal places discarded, 110 occurences
>>Table #585 output as 585, decimal places discarded, 28 occurences
>>Table #586 output as 586, decimal places discarded, 60 occurences
>>Table #587 output as 587, decimal places discarded, 5 occurences
>>Table #588 output as 588, decimal places discarded, 76 occurences
>>Table #589 output as 589, decimal places discarded, 99 occurences
>>Table #590 output as 590, decimal places discarded, 127 occurences
>>Table #591 output as 591, decimal places discarded, 35 occurences
>>Table #592 output as 592, decimal places discarded, 145 occurences
>>Table #593 output as 593, decimal places discarded, 156 occurences
>>Table #601 output as 601, decimal places discarded, 192 occurences
>>Table #609 output as 609, decimal places discarded, 60 occurences
>>Table #617 output as 617, decimal places discarded, 165 occurences
>>Table #625 output as 625, decimal places discarded, 332 occurences
>>Table #633 output as 633, decimal places discarded, 362 occurences
>>Table #641 output as 641, decimal places discarded, 132 occurences
>>Table #649 output as 649, decimal places discarded, 395 occurences
>>Table #657 output as 657, decimal places discarded, 158 occurences
>>Table #665 output as 665, decimal places discarded, 209 occurences
>>Table #673 output as 673, decimal places discarded, 60 occurences
>>Table #681 output as 681, decimal places discarded, 205 occurences
>>Table #689 output as 689, decimal places discarded, 447 occurences
>>Table #697 output as 697, decimal places discarded, 415 occurences
>>Table #705 output as 705, decimal places discarded, 176 occurences
>>Table #713 output as 713, decimal places discarded, 325 occurences
>>Table #721 output as 721, decimal places discarded, 159 occurences
>>Table #729 output as 729, decimal places discarded, 193 occurences
>>Table #737 output as 737, decimal places discarded, 60 occurences
>>Table #745 output as 745, decimal places discarded, 186 occurences
>>Table #753 output as 753, decimal places discarded, 339 occurences
>>Table #761 output as 761, decimal places discarded, 333 occurences
>>Table #769 output as 769, decimal places discarded, 132 occurences
>>Table #777 output as 777, decimal places discarded, 391 occurences
>>Table #785 output as 785, decimal places discarded, 13 occurences
>>Table #786 output as 786, decimal places discarded, 16 occurences
>>Table #787 output as 787, decimal places discarded, 5 occurences
>>Table #788 output as 788, decimal places discarded, 15 occurences
>>Table #789 output as 789, decimal places discarded, 31 occurences
>>Table #790 output as 790, decimal places discarded, 57 occurences
>>Table #791 output as 791, decimal places discarded, 11 occurences
>>Table #792 output as 792, decimal places discarded, 42 occurences
>>Table #793 output as 793, decimal places discarded, 14 occurences
>>Table #794 output as 794, decimal places discarded, 30 occurences
>>Table #795 output as 795, decimal places discarded, 5 occurences
>>Table #796 output as 796, decimal places discarded, 39 occurences
>>Table #797 output as 797, decimal places discarded, 89 occurences
>>Table #798 output as 798, decimal places discarded, 77 occurences
>>Table #799 output as 799, decimal places discarded, 33 occurences
>>Table #800 output as 800, decimal places discarded, 65 occurences
>>Table #801 output as 801, decimal places discarded, 13 occurences
>>Table #802 output as 802, decimal places discarded, 32 occurences
>>Table #803 output as 803, decimal places discarded, 5 occurences
>>Table #804 output as 804, decimal places discarded, 21 occurences
>>Table #805 output as 805, decimal places discarded, 34 occurences
>>Table #806 output as 806, decimal places discarded, 49 occurences
>>Table #807 output as 807, decimal places discarded, 11 occurences
>>Table #808 output as 808, decimal places discarded, 41 occurences
>>Table #809 output as 809, decimal places discarded, 21 occurences
>>Table #810 output as 810, decimal places discarded, 44 occurences
>>Table #811 output as 811, decimal places discarded, 5 occurences
>>Table #812 output as 812, decimal places discarded, 62 occurences
>>Table #813 output as 813, decimal places discarded, 96 occurences
>>Table #814 output as 814, decimal places discarded, 121 occurences
>>Table #815 output as 815, decimal places discarded, 23 occurences
>>Table #816 output as 816, decimal places discarded, 156 occurences
>>Table #817 output as 817, decimal places discarded, 51 occurences
>>Table #818 output as 818, decimal places discarded, 80 occurences
>>Table #819 output as 819, decimal places discarded, 9 occurences
>>Table #820 output as 820, decimal places discarded, 80 occurences
>>Table #821 output as 821, decimal places discarded, 148 occurences
>>Table #822 output as 822, decimal places discarded, 140 occurences
>>Table #823 output as 823, decimal places discarded, 46 occurences
>>Table #824 output as 824, decimal places discarded, 113 occurences
>>Table #825 output as 825, decimal places discarded, 25 occurences
>>Table #826 output as 826, decimal places discarded, 58 occurences
>>Table #827 output as 827, decimal places discarded, 5 occurences
>>Table #828 output as 828, decimal places discarded, 76 occurences
>>Table #829 output as 829, decimal places discarded, 100 occurences
>>Table #830 output as 830, decimal places discarded, 128 occurences
>>Table #831 output as 831, decimal places discarded, 28 occurences
>>Table #832 output as 832, decimal places discarded, 154 occurences
= MRDCL 32 print phase completed
= CL run completed
  Data lines read 1692
  IDF data records 216
  Table pages 913
  
= ----- 13/03/2024 17:34:03 pm
