  
= ----- 27/03/2024 14:15:04 pm
= MRDCL 32 version 23.1b Startup
= C:\Users\pada2001\Desktop\Projects\2024\Wall E\Q1 2024\WallE-Q1-2024\WALL-E_A&C_Q1_2024_AdEval_SummerCampaign.stp
= Copyright 1990 - 2023 MRDC Software Ltd, Kent, England
  CEP
  CSV 2002 style + Rounded numbers
  OLDNAMES
  TERSE
  C(A)=C:\Users\pada2001\Desktop\Projects\2024\Wall E\Q1 2024\WallE-Q1-2024\JAN2024V3.ASC
  C(A)=C:\Users\pada2001\Desktop\Projects\2024\Wall E\Q1 2024\WallE-Q1-2024\FEB2024V3.ASC
  C(A)=C:\Users\pada2001\Desktop\Projects\2024\Wall E\Q1 2024\WallE-Q1-2024\MAR2024.ASC
= MRDCL 32 version 23.1b startup completed
  
= ----- 27/03/2024 14:15:04 pm
= MRDCL 32 compilation phase startup
  Starting compilation
= Stage 1 (data)
  Temporary words used 23123
= Stage 2 (tables)
>> Warnings 13
= MRDCL 32 compilation phase completed
  
= ----- 27/03/2024 14:15:08 pm
= MRDCL 32 execution phase startup
= Stage 1 (data)
  Now opening file (A) number 1
  C:\Users\pada2001\Desktop\Projects\2024\Wall E\Q1 2024\WallE-Q1-2024\JAN2024V3.ASC
   825 lines read from JAN2024V3.ASC
  Now opening file (A) number 2
  C:\Users\pada2001\Desktop\Projects\2024\Wall E\Q1 2024\WallE-Q1-2024\FEB2024V3.ASC
   867 lines read from FEB2024V3.ASC
  Now opening file (A) number 3
  C:\Users\pada2001\Desktop\Projects\2024\Wall E\Q1 2024\WallE-Q1-2024\MAR2024.ASC
   575 lines read from MAR2024.ASC
=  Data lines read 2267
=  Records 2267
  Number of times reached finish data 2267
  Write commands rejected 0
  Write commands accepted 261
  IDF records 261
= Stage 2 (tables)
  Records to be read 261
  Passes needed 1
= MRDCL 32 execution phase completed
  
= ----- 27/03/2024 14:16:52 pm
= MRDCL 32 print phase startup
>>Table #1 output as 1, decimal places discarded, 26 occurences
>>Table #2 output as 2, decimal places discarded, 32 occurences
>>Table #3 output as 3, decimal places discarded, 10 occurences
>>Table #4 output as 4, decimal places discarded, 33 occurences
>>Table #5 output as 5, decimal places discarded, 26 occurences
>>Table #6 output as 6, decimal places discarded, 34 occurences
>>Table #7 output as 7, decimal places discarded, 10 occurences
>>Table #8 output as 8, decimal places discarded, 35 occurences
>>Table #9 output as 9, decimal places discarded, 35 occurences
>>Table #10 output as 10, decimal places discarded, 44 occurences
>>Table #11 output as 11, decimal places discarded, 12 occurences
>>Table #12 output as 12, decimal places discarded, 43 occurences
>>Table #13 output as 13, decimal places discarded, 42 occurences
>>Table #14 output as 14, decimal places discarded, 69 occurences
>>Table #15 output as 15, decimal places discarded, 15 occurences
>>Table #16 output as 16, decimal places discarded, 56 occurences
>>Table #17 output as 17, decimal places discarded, 26 occurences
>>Table #18 output as 18, decimal places discarded, 32 occurences
>>Table #19 output as 19, decimal places discarded, 10 occurences
>>Table #20 output as 20, decimal places discarded, 34 occurences
>>Table #21 output as 21, decimal places discarded, 26 occurences
>>Table #22 output as 22, decimal places discarded, 33 occurences
>>Table #23 output as 23, decimal places discarded, 10 occurences
>>Table #24 output as 24, decimal places discarded, 36 occurences
>>Table #25 output as 25, decimal places discarded, 26 occurences
>>Table #26 output as 26, decimal places discarded, 32 occurences
>>Table #27 output as 27, decimal places discarded, 10 occurences
>>Table #28 output as 28, decimal places discarded, 31 occurences
>>Table #29 output as 29, decimal places discarded, 26 occurences
>>Table #30 output as 30, decimal places discarded, 32 occurences
>>Table #31 output as 31, decimal places discarded, 10 occurences
>>Table #32 output as 32, decimal places discarded, 33 occurences
>>Table #33 output as 33, decimal places discarded, 26 occurences
>>Table #34 output as 34, decimal places discarded, 34 occurences
>>Table #35 output as 35, decimal places discarded, 10 occurences
>>Table #36 output as 36, decimal places discarded, 35 occurences
>>Table #37 output as 37, decimal places discarded, 26 occurences
>>Table #38 output as 38, decimal places discarded, 32 occurences
>>Table #39 output as 39, decimal places discarded, 10 occurences
>>Table #40 output as 40, decimal places discarded, 31 occurences
>>Table #41 output as 41, decimal places discarded, 78 occurences
>>Table #44 output as 44, decimal places discarded, 112 occurences
>>Table #47 output as 47, decimal places discarded, 30 occurences
>>Table #50 output as 50, decimal places discarded, 101 occurences
>>Table #53 output as 53, decimal places discarded, 81 occurences
>>Table #56 output as 56, decimal places discarded, 117 occurences
>>Table #59 output as 59, decimal places discarded, 30 occurences
>>Table #62 output as 62, decimal places discarded, 127 occurences
>>Table #65 output as 65, decimal places discarded, 78 occurences
>>Table #68 output as 68, decimal places discarded, 96 occurences
>>Table #71 output as 71, decimal places discarded, 30 occurences
>>Table #74 output as 74, decimal places discarded, 95 occurences
>>Table #77 output as 77, decimal places discarded, 13 occurences
>>Table #78 output as 78, decimal places discarded, 16 occurences
>>Table #79 output as 79, decimal places discarded, 5 occurences
>>Table #80 output as 80, decimal places discarded, 16 occurences
>>Table #81 output as 81, decimal places discarded, 13 occurences
>>Table #82 output as 82, decimal places discarded, 22 occurences
>>Table #83 output as 83, decimal places discarded, 5 occurences
>>Table #84 output as 84, decimal places discarded, 21 occurences
>>Table #85 output as 85, decimal places discarded, 13 occurences
>>Table #86 output as 86, decimal places discarded, 16 occurences
>>Table #87 output as 87, decimal places discarded, 5 occurences
>>Table #88 output as 88, decimal places discarded, 15 occurences
>>Table #89 output as 89, decimal places discarded, 13 occurences
>>Table #90 output as 90, decimal places discarded, 16 occurences
>>Table #91 output as 91, decimal places discarded, 5 occurences
>>Table #92 output as 92, decimal places discarded, 18 occurences
>>Table #93 output as 93, decimal places discarded, 16 occurences
>>Table #94 output as 94, decimal places discarded, 24 occurences
>>Table #95 output as 95, decimal places discarded, 5 occurences
>>Table #96 output as 96, decimal places discarded, 30 occurences
>>Table #97 output as 97, decimal places discarded, 13 occurences
>>Table #98 output as 98, decimal places discarded, 16 occurences
>>Table #99 output as 99, decimal places discarded, 5 occurences
>>Table #100 output as 100, decimal places discarded, 17 occurences
>>Table #101 output as 101, decimal places discarded, 156 occurences
>>Table #107 output as 107, decimal places discarded, 208 occurences
>>Table #113 output as 113, decimal places discarded, 60 occurences
>>Table #119 output as 119, decimal places discarded, 201 occurences
>>Table #125 output as 125, decimal places discarded, 162 occurences
>>Table #131 output as 131, decimal places discarded, 212 occurences
>>Table #137 output as 137, decimal places discarded, 60 occurences
>>Table #143 output as 143, decimal places discarded, 244 occurences
>>Table #149 output as 149, decimal places discarded, 169 occurences
>>Table #155 output as 155, decimal places discarded, 208 occurences
>>Table #161 output as 161, decimal places discarded, 60 occurences
>>Table #167 output as 167, decimal places discarded, 194 occurences
>>Table #173 output as 173, decimal places discarded, 13 occurences
>>Table #174 output as 174, decimal places discarded, 16 occurences
>>Table #175 output as 175, decimal places discarded, 5 occurences
>>Table #176 output as 176, decimal places discarded, 16 occurences
>>Table #177 output as 177, decimal places discarded, 13 occurences
>>Table #178 output as 178, decimal places discarded, 16 occurences
>>Table #179 output as 179, decimal places discarded, 5 occurences
>>Table #180 output as 180, decimal places discarded, 26 occurences
>>Table #181 output as 181, decimal places discarded, 13 occurences
>>Table #182 output as 182, decimal places discarded, 16 occurences
>>Table #183 output as 183, decimal places discarded, 5 occurences
>>Table #184 output as 184, decimal places discarded, 17 occurences
>>Table #185 output as 185, decimal places discarded, 13 occurences
>>Table #186 output as 186, decimal places discarded, 16 occurences
>>Table #187 output as 187, decimal places discarded, 5 occurences
>>Table #188 output as 188, decimal places discarded, 19 occurences
>>Table #189 output as 189, decimal places discarded, 19 occurences
>>Table #190 output as 190, decimal places discarded, 28 occurences
>>Table #191 output as 191, decimal places discarded, 5 occurences
>>Table #192 output as 192, decimal places discarded, 39 occurences
>>Table #193 output as 193, decimal places discarded, 13 occurences
>>Table #194 output as 194, decimal places discarded, 16 occurences
>>Table #195 output as 195, decimal places discarded, 5 occurences
>>Table #196 output as 196, decimal places discarded, 21 occurences
>>Table #197 output as 197, decimal places discarded, 26 occurences
>>Table #198 output as 198, decimal places discarded, 32 occurences
>>Table #199 output as 199, decimal places discarded, 10 occurences
>>Table #200 output as 200, decimal places discarded, 33 occurences
>>Table #201 output as 201, decimal places discarded, 26 occurences
>>Table #202 output as 202, decimal places discarded, 38 occurences
>>Table #203 output as 203, decimal places discarded, 10 occurences
>>Table #204 output as 204, decimal places discarded, 36 occurences
>>Table #205 output as 205, decimal places discarded, 26 occurences
>>Table #206 output as 206, decimal places discarded, 32 occurences
>>Table #207 output as 207, decimal places discarded, 10 occurences
>>Table #208 output as 208, decimal places discarded, 32 occurences
>>Table #209 output as 209, decimal places discarded, 117 occurences
>>Table #215 output as 215, decimal places discarded, 144 occurences
>>Table #221 output as 221, decimal places discarded, 45 occurences
>>Table #227 output as 227, decimal places discarded, 156 occurences
>>Table #233 output as 233, decimal places discarded, 117 occurences
>>Table #239 output as 239, decimal places discarded, 177 occurences
>>Table #245 output as 245, decimal places discarded, 45 occurences
>>Table #251 output as 251, decimal places discarded, 190 occurences
>>Table #257 output as 257, decimal places discarded, 117 occurences
>>Table #263 output as 263, decimal places discarded, 144 occurences
>>Table #269 output as 269, decimal places discarded, 45 occurences
>>Table #275 output as 275, decimal places discarded, 144 occurences
>>Table #281 output as 281, decimal places discarded, 13 occurences
>>Table #282 output as 282, decimal places discarded, 16 occurences
>>Table #283 output as 283, decimal places discarded, 5 occurences
>>Table #284 output as 284, decimal places discarded, 19 occurences
>>Table #285 output as 285, decimal places discarded, 13 occurences
>>Table #286 output as 286, decimal places discarded, 21 occurences
>>Table #287 output as 287, decimal places discarded, 5 occurences
>>Table #288 output as 288, decimal places discarded, 32 occurences
>>Table #289 output as 289, decimal places discarded, 13 occurences
>>Table #290 output as 290, decimal places discarded, 16 occurences
>>Table #291 output as 291, decimal places discarded, 5 occurences
>>Table #292 output as 292, decimal places discarded, 18 occurences
>>Table #293 output as 293, decimal places discarded, 17 occurences
>>Table #294 output as 294, decimal places discarded, 32 occurences
>>Table #295 output as 295, decimal places discarded, 6 occurences
>>Table #296 output as 296, decimal places discarded, 49 occurences
>>Table #297 output as 297, decimal places discarded, 65 occurences
>>Table #298 output as 298, decimal places discarded, 91 occurences
>>Table #299 output as 299, decimal places discarded, 20 occurences
>>Table #300 output as 300, decimal places discarded, 91 occurences
>>Table #301 output as 301, decimal places discarded, 17 occurences
>>Table #302 output as 302, decimal places discarded, 33 occurences
>>Table #303 output as 303, decimal places discarded, 6 occurences
>>Table #304 output as 304, decimal places discarded, 46 occurences
>>Table #305 output as 305, decimal places discarded, 156 occurences
>>Table #313 output as 313, decimal places discarded, 192 occurences
>>Table #321 output as 321, decimal places discarded, 60 occurences
>>Table #329 output as 329, decimal places discarded, 186 occurences
>>Table #337 output as 337, decimal places discarded, 156 occurences
>>Table #345 output as 345, decimal places discarded, 204 occurences
>>Table #353 output as 353, decimal places discarded, 60 occurences
>>Table #361 output as 361, decimal places discarded, 222 occurences
>>Table #369 output as 369, decimal places discarded, 156 occurences
>>Table #377 output as 377, decimal places discarded, 192 occurences
>>Table #385 output as 385, decimal places discarded, 60 occurences
>>Table #393 output as 393, decimal places discarded, 176 occurences
>>Table #401 output as 401, decimal places discarded, 13 occurences
>>Table #402 output as 402, decimal places discarded, 16 occurences
>>Table #403 output as 403, decimal places discarded, 5 occurences
>>Table #404 output as 404, decimal places discarded, 17 occurences
>>Table #405 output as 405, decimal places discarded, 13 occurences
>>Table #406 output as 406, decimal places discarded, 22 occurences
>>Table #407 output as 407, decimal places discarded, 5 occurences
>>Table #408 output as 408, decimal places discarded, 32 occurences
>>Table #409 output as 409, decimal places discarded, 13 occurences
>>Table #410 output as 410, decimal places discarded, 16 occurences
>>Table #411 output as 411, decimal places discarded, 5 occurences
>>Table #412 output as 412, decimal places discarded, 16 occurences
>>Table #413 output as 413, decimal places discarded, 13 occurences
>>Table #414 output as 414, decimal places discarded, 28 occurences
>>Table #415 output as 415, decimal places discarded, 5 occurences
>>Table #416 output as 416, decimal places discarded, 49 occurences
>>Table #417 output as 417, decimal places discarded, 54 occurences
>>Table #418 output as 418, decimal places discarded, 83 occurences
>>Table #419 output as 419, decimal places discarded, 9 occurences
>>Table #420 output as 420, decimal places discarded, 99 occurences
>>Table #421 output as 421, decimal places discarded, 16 occurences
>>Table #422 output as 422, decimal places discarded, 30 occurences
>>Table #423 output as 423, decimal places discarded, 5 occurences
>>Table #424 output as 424, decimal places discarded, 44 occurences
= MRDCL 32 print phase completed
= CL run completed
  Data lines read 2267
  IDF data records 261
  Table pages 343
  
= ----- 27/03/2024 14:16:55 pm
