  
= ----- 26/03/2024 17:28:43 pm
= MRDCL 32 version 23.1b Startup
= C:\Users\pada2001\Desktop\Projects\2024\Wall E\Q1 2024\WallE-Q1-2024\WALL-E_A&C_Q1_2024_AdEval_GSaveXHearts.stp
= Copyright 1990 - 2023 MRDC Software Ltd, Kent, England
  CEP
  CSV 2002 style + Rounded numbers
  OLDNAMES
  TERSE
  C(A)=C:\Users\pada2001\Desktop\Projects\2024\Wall E\Q1 2024\WallE-Q1-2024\JAN2024V3.ASC
  C(A)=C:\Users\pada2001\Desktop\Projects\2024\Wall E\Q1 2024\WallE-Q1-2024\FEB2024V3.ASC
  C(A)=C:\Users\pada2001\Desktop\Projects\2024\Wall E\Q1 2024\WallE-Q1-2024\MAR2024.ASC
= MRDCL 32 version 23.1b startup completed
  
= ----- 26/03/2024 17:28:43 pm
= MRDCL 32 compilation phase startup
  Starting compilation
= Stage 1 (data)
  Temporary words used 23123
= Stage 2 (tables)
>> Warnings 13
= MRDCL 32 compilation phase completed
  
= ----- 26/03/2024 17:28:46 pm
= MRDCL 32 execution phase startup
= Stage 1 (data)
  Now opening file (A) number 1
  C:\Users\pada2001\Desktop\Projects\2024\Wall E\Q1 2024\WallE-Q1-2024\JAN2024V3.ASC
   825 lines read from JAN2024V3.ASC
  Now opening file (A) number 2
  C:\Users\pada2001\Desktop\Projects\2024\Wall E\Q1 2024\WallE-Q1-2024\FEB2024V3.ASC
   867 lines read from FEB2024V3.ASC
  Now opening file (A) number 3
  C:\Users\pada2001\Desktop\Projects\2024\Wall E\Q1 2024\WallE-Q1-2024\MAR2024.ASC
   575 lines read from MAR2024.ASC
=  Data lines read 2267
=  Records 2267
  Number of times reached finish data 2267
  Write commands rejected 0
  Write commands accepted 444
  IDF records 444
= Stage 2 (tables)
  Records to be read 444
  Passes needed 1
= MRDCL 32 execution phase completed
  
= ----- 26/03/2024 17:30:31 pm
= MRDCL 32 print phase startup
>>Table #1 output as 1, decimal places discarded, 26 occurences
>>Table #2 output as 2, decimal places discarded, 32 occurences
>>Table #3 output as 3, decimal places discarded, 10 occurences
>>Table #4 output as 4, decimal places discarded, 32 occurences
>>Table #5 output as 5, decimal places discarded, 106 occurences
>>Table #6 output as 6, decimal places discarded, 131 occurences
>>Table #7 output as 7, decimal places discarded, 42 occurences
>>Table #8 output as 8, decimal places discarded, 129 occurences
>>Table #9 output as 9, decimal places discarded, 26 occurences
>>Table #10 output as 10, decimal places discarded, 32 occurences
>>Table #11 output as 11, decimal places discarded, 10 occurences
>>Table #12 output as 12, decimal places discarded, 31 occurences
>>Table #13 output as 13, decimal places discarded, 113 occurences
>>Table #14 output as 14, decimal places discarded, 123 occurences
>>Table #15 output as 15, decimal places discarded, 42 occurences
>>Table #16 output as 16, decimal places discarded, 102 occurences
>>Table #17 output as 17, decimal places discarded, 30 occurences
>>Table #18 output as 18, decimal places discarded, 38 occurences
>>Table #19 output as 19, decimal places discarded, 10 occurences
>>Table #20 output as 20, decimal places discarded, 39 occurences
>>Table #21 output as 21, decimal places discarded, 142 occurences
>>Table #22 output as 22, decimal places discarded, 155 occurences
>>Table #23 output as 23, decimal places discarded, 51 occurences
>>Table #24 output as 24, decimal places discarded, 127 occurences
>>Table #25 output as 25, decimal places discarded, 29 occurences
>>Table #26 output as 26, decimal places discarded, 36 occurences
>>Table #27 output as 27, decimal places discarded, 10 occurences
>>Table #28 output as 28, decimal places discarded, 37 occurences
>>Table #29 output as 29, decimal places discarded, 134 occurences
>>Table #30 output as 30, decimal places discarded, 148 occurences
>>Table #31 output as 31, decimal places discarded, 47 occurences
>>Table #32 output as 32, decimal places discarded, 121 occurences
>>Table #33 output as 33, decimal places discarded, 40 occurences
>>Table #34 output as 34, decimal places discarded, 48 occurences
>>Table #35 output as 35, decimal places discarded, 15 occurences
>>Table #36 output as 36, decimal places discarded, 51 occurences
>>Table #37 output as 37, decimal places discarded, 203 occurences
>>Table #38 output as 38, decimal places discarded, 205 occurences
>>Table #39 output as 39, decimal places discarded, 65 occurences
>>Table #40 output as 40, decimal places discarded, 199 occurences
>>Table #41 output as 41, decimal places discarded, 26 occurences
>>Table #42 output as 42, decimal places discarded, 32 occurences
>>Table #43 output as 43, decimal places discarded, 10 occurences
>>Table #44 output as 44, decimal places discarded, 32 occurences
>>Table #45 output as 45, decimal places discarded, 106 occurences
>>Table #46 output as 46, decimal places discarded, 129 occurences
>>Table #47 output as 47, decimal places discarded, 42 occurences
>>Table #48 output as 48, decimal places discarded, 126 occurences
>>Table #49 output as 49, decimal places discarded, 26 occurences
>>Table #50 output as 50, decimal places discarded, 32 occurences
>>Table #51 output as 51, decimal places discarded, 10 occurences
>>Table #52 output as 52, decimal places discarded, 33 occurences
>>Table #53 output as 53, decimal places discarded, 117 occurences
>>Table #54 output as 54, decimal places discarded, 125 occurences
>>Table #55 output as 55, decimal places discarded, 42 occurences
>>Table #56 output as 56, decimal places discarded, 110 occurences
>>Table #57 output as 57, decimal places discarded, 26 occurences
>>Table #58 output as 58, decimal places discarded, 32 occurences
>>Table #59 output as 59, decimal places discarded, 10 occurences
>>Table #60 output as 60, decimal places discarded, 35 occurences
>>Table #61 output as 61, decimal places discarded, 110 occurences
>>Table #62 output as 62, decimal places discarded, 127 occurences
>>Table #63 output as 63, decimal places discarded, 42 occurences
>>Table #64 output as 64, decimal places discarded, 115 occurences
>>Table #65 output as 65, decimal places discarded, 26 occurences
>>Table #66 output as 66, decimal places discarded, 48 occurences
>>Table #67 output as 67, decimal places discarded, 10 occurences
>>Table #68 output as 68, decimal places discarded, 32 occurences
>>Table #69 output as 69, decimal places discarded, 128 occurences
>>Table #70 output as 70, decimal places discarded, 153 occurences
>>Table #71 output as 71, decimal places discarded, 42 occurences
>>Table #72 output as 72, decimal places discarded, 125 occurences
>>Table #73 output as 73, decimal places discarded, 26 occurences
>>Table #74 output as 74, decimal places discarded, 32 occurences
>>Table #75 output as 75, decimal places discarded, 10 occurences
>>Table #76 output as 76, decimal places discarded, 31 occurences
>>Table #77 output as 77, decimal places discarded, 117 occurences
>>Table #78 output as 78, decimal places discarded, 124 occurences
>>Table #79 output as 79, decimal places discarded, 42 occurences
>>Table #80 output as 80, decimal places discarded, 106 occurences
>>Table #81 output as 81, decimal places discarded, 26 occurences
>>Table #82 output as 82, decimal places discarded, 48 occurences
>>Table #83 output as 83, decimal places discarded, 10 occurences
>>Table #84 output as 84, decimal places discarded, 35 occurences
>>Table #85 output as 85, decimal places discarded, 114 occurences
>>Table #86 output as 86, decimal places discarded, 134 occurences
>>Table #87 output as 87, decimal places discarded, 42 occurences
>>Table #88 output as 88, decimal places discarded, 119 occurences
>>Table #89 output as 89, decimal places discarded, 78 occurences
>>Table #92 output as 92, decimal places discarded, 112 occurences
>>Table #95 output as 95, decimal places discarded, 30 occurences
>>Table #98 output as 98, decimal places discarded, 96 occurences
>>Table #101 output as 101, decimal places discarded, 355 occurences
>>Table #104 output as 104, decimal places discarded, 444 occurences
>>Table #107 output as 107, decimal places discarded, 147 occurences
>>Table #110 output as 110, decimal places discarded, 431 occurences
>>Table #113 output as 113, decimal places discarded, 79 occurences
>>Table #116 output as 116, decimal places discarded, 98 occurences
>>Table #119 output as 119, decimal places discarded, 30 occurences
>>Table #122 output as 122, decimal places discarded, 104 occurences
>>Table #125 output as 125, decimal places discarded, 399 occurences
>>Table #128 output as 128, decimal places discarded, 401 occurences
>>Table #131 output as 131, decimal places discarded, 128 occurences
>>Table #134 output as 134, decimal places discarded, 386 occurences
>>Table #137 output as 137, decimal places discarded, 78 occurences
>>Table #140 output as 140, decimal places discarded, 96 occurences
>>Table #143 output as 143, decimal places discarded, 30 occurences
>>Table #146 output as 146, decimal places discarded, 108 occurences
>>Table #149 output as 149, decimal places discarded, 367 occurences
>>Table #152 output as 152, decimal places discarded, 429 occurences
>>Table #155 output as 155, decimal places discarded, 147 occurences
>>Table #158 output as 158, decimal places discarded, 401 occurences
>>Table #161 output as 161, decimal places discarded, 13 occurences
>>Table #162 output as 162, decimal places discarded, 16 occurences
>>Table #163 output as 163, decimal places discarded, 5 occurences
>>Table #164 output as 164, decimal places discarded, 16 occurences
>>Table #165 output as 165, decimal places discarded, 53 occurences
>>Table #166 output as 166, decimal places discarded, 66 occurences
>>Table #167 output as 167, decimal places discarded, 21 occurences
>>Table #168 output as 168, decimal places discarded, 66 occurences
>>Table #169 output as 169, decimal places discarded, 13 occurences
>>Table #170 output as 170, decimal places discarded, 16 occurences
>>Table #171 output as 171, decimal places discarded, 5 occurences
>>Table #172 output as 172, decimal places discarded, 18 occurences
>>Table #173 output as 173, decimal places discarded, 69 occurences
>>Table #174 output as 174, decimal places discarded, 61 occurences
>>Table #175 output as 175, decimal places discarded, 21 occurences
>>Table #176 output as 176, decimal places discarded, 71 occurences
>>Table #177 output as 177, decimal places discarded, 13 occurences
>>Table #178 output as 178, decimal places discarded, 16 occurences
>>Table #179 output as 179, decimal places discarded, 5 occurences
>>Table #180 output as 180, decimal places discarded, 17 occurences
>>Table #181 output as 181, decimal places discarded, 54 occurences
>>Table #182 output as 182, decimal places discarded, 62 occurences
>>Table #183 output as 183, decimal places discarded, 21 occurences
>>Table #184 output as 184, decimal places discarded, 54 occurences
>>Table #185 output as 185, decimal places discarded, 13 occurences
>>Table #186 output as 186, decimal places discarded, 16 occurences
>>Table #187 output as 187, decimal places discarded, 5 occurences
>>Table #188 output as 188, decimal places discarded, 16 occurences
>>Table #189 output as 189, decimal places discarded, 58 occurences
>>Table #190 output as 190, decimal places discarded, 72 occurences
>>Table #191 output as 191, decimal places discarded, 21 occurences
>>Table #192 output as 192, decimal places discarded, 86 occurences
>>Table #193 output as 193, decimal places discarded, 14 occurences
>>Table #194 output as 194, decimal places discarded, 18 occurences
>>Table #195 output as 195, decimal places discarded, 5 occurences
>>Table #196 output as 196, decimal places discarded, 23 occurences
>>Table #197 output as 197, decimal places discarded, 89 occurences
>>Table #198 output as 198, decimal places discarded, 88 occurences
>>Table #199 output as 199, decimal places discarded, 23 occurences
>>Table #200 output as 200, decimal places discarded, 92 occurences
>>Table #201 output as 201, decimal places discarded, 13 occurences
>>Table #202 output as 202, decimal places discarded, 16 occurences
>>Table #203 output as 203, decimal places discarded, 5 occurences
>>Table #204 output as 204, decimal places discarded, 21 occurences
>>Table #205 output as 205, decimal places discarded, 64 occurences
>>Table #206 output as 206, decimal places discarded, 82 occurences
>>Table #207 output as 207, decimal places discarded, 21 occurences
>>Table #208 output as 208, decimal places discarded, 82 occurences
>>Table #209 output as 209, decimal places discarded, 169 occurences
>>Table #215 output as 215, decimal places discarded, 224 occurences
>>Table #221 output as 221, decimal places discarded, 60 occurences
>>Table #227 output as 227, decimal places discarded, 218 occurences
>>Table #233 output as 233, decimal places discarded, 724 occurences
>>Table #239 output as 239, decimal places discarded, 910 occurences
>>Table #245 output as 245, decimal places discarded, 273 occurences
>>Table #251 output as 251, decimal places discarded, 886 occurences
>>Table #257 output as 257, decimal places discarded, 166 occurences
>>Table #263 output as 263, decimal places discarded, 195 occurences
>>Table #269 output as 269, decimal places discarded, 60 occurences
>>Table #275 output as 275, decimal places discarded, 216 occurences
>>Table #281 output as 281, decimal places discarded, 822 occurences
>>Table #287 output as 287, decimal places discarded, 856 occurences
>>Table #293 output as 293, decimal places discarded, 259 occurences
>>Table #299 output as 299, decimal places discarded, 788 occurences
>>Table #305 output as 305, decimal places discarded, 173 occurences
>>Table #311 output as 311, decimal places discarded, 224 occurences
>>Table #317 output as 317, decimal places discarded, 60 occurences
>>Table #323 output as 323, decimal places discarded, 226 occurences
>>Table #329 output as 329, decimal places discarded, 745 occurences
>>Table #335 output as 335, decimal places discarded, 870 occurences
>>Table #341 output as 341, decimal places discarded, 273 occurences
>>Table #347 output as 347, decimal places discarded, 802 occurences
>>Table #353 output as 353, decimal places discarded, 13 occurences
>>Table #354 output as 354, decimal places discarded, 16 occurences
>>Table #355 output as 355, decimal places discarded, 5 occurences
>>Table #356 output as 356, decimal places discarded, 16 occurences
>>Table #357 output as 357, decimal places discarded, 53 occurences
>>Table #358 output as 358, decimal places discarded, 69 occurences
>>Table #359 output as 359, decimal places discarded, 21 occurences
>>Table #360 output as 360, decimal places discarded, 73 occurences
>>Table #361 output as 361, decimal places discarded, 13 occurences
>>Table #362 output as 362, decimal places discarded, 16 occurences
>>Table #363 output as 363, decimal places discarded, 5 occurences
>>Table #364 output as 364, decimal places discarded, 20 occurences
>>Table #365 output as 365, decimal places discarded, 86 occurences
>>Table #366 output as 366, decimal places discarded, 80 occurences
>>Table #367 output as 367, decimal places discarded, 21 occurences
>>Table #368 output as 368, decimal places discarded, 89 occurences
>>Table #369 output as 369, decimal places discarded, 13 occurences
>>Table #370 output as 370, decimal places discarded, 16 occurences
>>Table #371 output as 371, decimal places discarded, 5 occurences
>>Table #372 output as 372, decimal places discarded, 20 occurences
>>Table #373 output as 373, decimal places discarded, 58 occurences
>>Table #374 output as 374, decimal places discarded, 70 occurences
>>Table #375 output as 375, decimal places discarded, 21 occurences
>>Table #376 output as 376, decimal places discarded, 64 occurences
>>Table #377 output as 377, decimal places discarded, 13 occurences
>>Table #378 output as 378, decimal places discarded, 16 occurences
>>Table #379 output as 379, decimal places discarded, 5 occurences
>>Table #380 output as 380, decimal places discarded, 26 occurences
>>Table #381 output as 381, decimal places discarded, 86 occurences
>>Table #382 output as 382, decimal places discarded, 107 occurences
>>Table #383 output as 383, decimal places discarded, 21 occurences
>>Table #384 output as 384, decimal places discarded, 141 occurences
>>Table #385 output as 385, decimal places discarded, 23 occurences
>>Table #386 output as 386, decimal places discarded, 19 occurences
>>Table #387 output as 387, decimal places discarded, 5 occurences
>>Table #388 output as 388, decimal places discarded, 39 occurences
>>Table #389 output as 389, decimal places discarded, 143 occurences
>>Table #390 output as 390, decimal places discarded, 144 occurences
>>Table #391 output as 391, decimal places discarded, 28 occurences
>>Table #392 output as 392, decimal places discarded, 153 occurences
>>Table #393 output as 393, decimal places discarded, 17 occurences
>>Table #394 output as 394, decimal places discarded, 16 occurences
>>Table #395 output as 395, decimal places discarded, 5 occurences
>>Table #396 output as 396, decimal places discarded, 32 occurences
>>Table #397 output as 397, decimal places discarded, 102 occurences
>>Table #398 output as 398, decimal places discarded, 135 occurences
>>Table #399 output as 399, decimal places discarded, 21 occurences
>>Table #400 output as 400, decimal places discarded, 142 occurences
>>Table #401 output as 401, decimal places discarded, 26 occurences
>>Table #402 output as 402, decimal places discarded, 48 occurences
>>Table #403 output as 403, decimal places discarded, 10 occurences
>>Table #404 output as 404, decimal places discarded, 32 occurences
>>Table #405 output as 405, decimal places discarded, 106 occurences
>>Table #406 output as 406, decimal places discarded, 152 occurences
>>Table #407 output as 407, decimal places discarded, 63 occurences
>>Table #408 output as 408, decimal places discarded, 147 occurences
>>Table #409 output as 409, decimal places discarded, 26 occurences
>>Table #410 output as 410, decimal places discarded, 32 occurences
>>Table #411 output as 411, decimal places discarded, 10 occurences
>>Table #412 output as 412, decimal places discarded, 32 occurences
>>Table #413 output as 413, decimal places discarded, 116 occurences
>>Table #414 output as 414, decimal places discarded, 128 occurences
>>Table #415 output as 415, decimal places discarded, 42 occurences
>>Table #416 output as 416, decimal places discarded, 107 occurences
>>Table #417 output as 417, decimal places discarded, 26 occurences
>>Table #418 output as 418, decimal places discarded, 32 occurences
>>Table #419 output as 419, decimal places discarded, 10 occurences
>>Table #420 output as 420, decimal places discarded, 34 occurences
>>Table #421 output as 421, decimal places discarded, 110 occurences
>>Table #422 output as 422, decimal places discarded, 129 occurences
>>Table #423 output as 423, decimal places discarded, 42 occurences
>>Table #424 output as 424, decimal places discarded, 114 occurences
>>Table #425 output as 425, decimal places discarded, 117 occurences
>>Table #431 output as 431, decimal places discarded, 160 occurences
>>Table #437 output as 437, decimal places discarded, 45 occurences
>>Table #443 output as 443, decimal places discarded, 144 occurences
>>Table #449 output as 449, decimal places discarded, 478 occurences
>>Table #455 output as 455, decimal places discarded, 591 occurences
>>Table #461 output as 461, decimal places discarded, 210 occurences
>>Table #467 output as 467, decimal places discarded, 592 occurences
>>Table #473 output as 473, decimal places discarded, 121 occurences
>>Table #479 output as 479, decimal places discarded, 144 occurences
>>Table #485 output as 485, decimal places discarded, 45 occurences
>>Table #491 output as 491, decimal places discarded, 160 occurences
>>Table #497 output as 497, decimal places discarded, 589 occurences
>>Table #503 output as 503, decimal places discarded, 636 occurences
>>Table #509 output as 509, decimal places discarded, 189 occurences
>>Table #515 output as 515, decimal places discarded, 587 occurences
>>Table #521 output as 521, decimal places discarded, 117 occurences
>>Table #527 output as 527, decimal places discarded, 160 occurences
>>Table #533 output as 533, decimal places discarded, 45 occurences
>>Table #539 output as 539, decimal places discarded, 163 occurences
>>Table #545 output as 545, decimal places discarded, 506 occurences
>>Table #551 output as 551, decimal places discarded, 595 occurences
>>Table #557 output as 557, decimal places discarded, 191 occurences
>>Table #563 output as 563, decimal places discarded, 540 occurences
>>Table #569 output as 569, decimal places discarded, 13 occurences
>>Table #570 output as 570, decimal places discarded, 16 occurences
>>Table #571 output as 571, decimal places discarded, 5 occurences
>>Table #572 output as 572, decimal places discarded, 16 occurences
>>Table #573 output as 573, decimal places discarded, 53 occurences
>>Table #574 output as 574, decimal places discarded, 68 occurences
>>Table #575 output as 575, decimal places discarded, 21 occurences
>>Table #576 output as 576, decimal places discarded, 80 occurences
>>Table #577 output as 577, decimal places discarded, 15 occurences
>>Table #578 output as 578, decimal places discarded, 16 occurences
>>Table #579 output as 579, decimal places discarded, 5 occurences
>>Table #580 output as 580, decimal places discarded, 26 occurences
>>Table #581 output as 581, decimal places discarded, 105 occurences
>>Table #582 output as 582, decimal places discarded, 102 occurences
>>Table #583 output as 583, decimal places discarded, 21 occurences
>>Table #584 output as 584, decimal places discarded, 123 occurences
>>Table #585 output as 585, decimal places discarded, 13 occurences
>>Table #586 output as 586, decimal places discarded, 16 occurences
>>Table #587 output as 587, decimal places discarded, 5 occurences
>>Table #588 output as 588, decimal places discarded, 20 occurences
>>Table #589 output as 589, decimal places discarded, 54 occurences
>>Table #590 output as 590, decimal places discarded, 68 occurences
>>Table #591 output as 591, decimal places discarded, 22 occurences
>>Table #592 output as 592, decimal places discarded, 65 occurences
>>Table #593 output as 593, decimal places discarded, 19 occurences
>>Table #594 output as 594, decimal places discarded, 29 occurences
>>Table #595 output as 595, decimal places discarded, 5 occurences
>>Table #596 output as 596, decimal places discarded, 62 occurences
>>Table #597 output as 597, decimal places discarded, 179 occurences
>>Table #598 output as 598, decimal places discarded, 248 occurences
>>Table #599 output as 599, decimal places discarded, 43 occurences
>>Table #600 output as 600, decimal places discarded, 304 occurences
>>Table #601 output as 601, decimal places discarded, 51 occurences
>>Table #602 output as 602, decimal places discarded, 67 occurences
>>Table #603 output as 603, decimal places discarded, 7 occurences
>>Table #604 output as 604, decimal places discarded, 84 occurences
>>Table #605 output as 605, decimal places discarded, 304 occurences
>>Table #606 output as 606, decimal places discarded, 330 occurences
>>Table #607 output as 607, decimal places discarded, 102 occurences
>>Table #608 output as 608, decimal places discarded, 278 occurences
>>Table #609 output as 609, decimal places discarded, 19 occurences
>>Table #610 output as 610, decimal places discarded, 40 occurences
>>Table #611 output as 611, decimal places discarded, 5 occurences
>>Table #612 output as 612, decimal places discarded, 68 occurences
>>Table #613 output as 613, decimal places discarded, 215 occurences
>>Table #614 output as 614, decimal places discarded, 285 occurences
>>Table #615 output as 615, decimal places discarded, 61 occurences
>>Table #616 output as 616, decimal places discarded, 280 occurences
>>Table #617 output as 617, decimal places discarded, 156 occurences
>>Table #625 output as 625, decimal places discarded, 208 occurences
>>Table #633 output as 633, decimal places discarded, 60 occurences
>>Table #641 output as 641, decimal places discarded, 192 occurences
>>Table #649 output as 649, decimal places discarded, 637 occurences
>>Table #657 output as 657, decimal places discarded, 789 occurences
>>Table #665 output as 665, decimal places discarded, 252 occurences
>>Table #673 output as 673, decimal places discarded, 785 occurences
>>Table #681 output as 681, decimal places discarded, 160 occurences
>>Table #689 output as 689, decimal places discarded, 176 occurences
>>Table #697 output as 697, decimal places discarded, 60 occurences
>>Table #705 output as 705, decimal places discarded, 191 occurences
>>Table #713 output as 713, decimal places discarded, 760 occurences
>>Table #721 output as 721, decimal places discarded, 853 occurences
>>Table #729 output as 729, decimal places discarded, 252 occurences
>>Table #737 output as 737, decimal places discarded, 762 occurences
>>Table #745 output as 745, decimal places discarded, 156 occurences
>>Table #753 output as 753, decimal places discarded, 208 occurences
>>Table #761 output as 761, decimal places discarded, 60 occurences
>>Table #769 output as 769, decimal places discarded, 195 occurences
>>Table #777 output as 777, decimal places discarded, 686 occurences
>>Table #785 output as 785, decimal places discarded, 802 occurences
>>Table #793 output as 793, decimal places discarded, 252 occurences
>>Table #801 output as 801, decimal places discarded, 736 occurences
>>Table #809 output as 809, decimal places discarded, 13 occurences
>>Table #810 output as 810, decimal places discarded, 16 occurences
>>Table #811 output as 811, decimal places discarded, 5 occurences
>>Table #812 output as 812, decimal places discarded, 16 occurences
>>Table #813 output as 813, decimal places discarded, 53 occurences
>>Table #814 output as 814, decimal places discarded, 69 occurences
>>Table #815 output as 815, decimal places discarded, 21 occurences
>>Table #816 output as 816, decimal places discarded, 102 occurences
>>Table #817 output as 817, decimal places discarded, 15 occurences
>>Table #818 output as 818, decimal places discarded, 16 occurences
>>Table #819 output as 819, decimal places discarded, 5 occurences
>>Table #820 output as 820, decimal places discarded, 27 occurences
>>Table #821 output as 821, decimal places discarded, 99 occurences
>>Table #822 output as 822, decimal places discarded, 123 occurences
>>Table #823 output as 823, decimal places discarded, 21 occurences
>>Table #824 output as 824, decimal places discarded, 139 occurences
>>Table #825 output as 825, decimal places discarded, 13 occurences
>>Table #826 output as 826, decimal places discarded, 16 occurences
>>Table #827 output as 827, decimal places discarded, 5 occurences
>>Table #828 output as 828, decimal places discarded, 17 occurences
>>Table #829 output as 829, decimal places discarded, 56 occurences
>>Table #830 output as 830, decimal places discarded, 63 occurences
>>Table #831 output as 831, decimal places discarded, 21 occurences
>>Table #832 output as 832, decimal places discarded, 61 occurences
>>Table #833 output as 833, decimal places discarded, 18 occurences
>>Table #834 output as 834, decimal places discarded, 23 occurences
>>Table #835 output as 835, decimal places discarded, 5 occurences
>>Table #836 output as 836, decimal places discarded, 55 occurences
>>Table #837 output as 837, decimal places discarded, 188 occurences
>>Table #838 output as 838, decimal places discarded, 270 occurences
>>Table #839 output as 839, decimal places discarded, 44 occurences
>>Table #840 output as 840, decimal places discarded, 341 occurences
>>Table #841 output as 841, decimal places discarded, 41 occurences
>>Table #842 output as 842, decimal places discarded, 64 occurences
>>Table #843 output as 843, decimal places discarded, 6 occurences
>>Table #844 output as 844, decimal places discarded, 86 occurences
>>Table #845 output as 845, decimal places discarded, 302 occurences
>>Table #846 output as 846, decimal places discarded, 349 occurences
>>Table #847 output as 847, decimal places discarded, 85 occurences
>>Table #848 output as 848, decimal places discarded, 308 occurences
>>Table #849 output as 849, decimal places discarded, 20 occurences
>>Table #850 output as 850, decimal places discarded, 34 occurences
>>Table #851 output as 851, decimal places discarded, 5 occurences
>>Table #852 output as 852, decimal places discarded, 68 occurences
>>Table #853 output as 853, decimal places discarded, 227 occurences
>>Table #854 output as 854, decimal places discarded, 310 occurences
>>Table #855 output as 855, decimal places discarded, 57 occurences
>>Table #856 output as 856, decimal places discarded, 320 occurences
= MRDCL 32 print phase completed
= CL run completed
  Data lines read 2267
  IDF data records 444
  Table pages 1230
  
= ----- 26/03/2024 17:30:52 pm
