  
= ----- 01/03/2024 18:06:57 pm
= MRDCL 32 version 23.1b Startup
= C:\Users\pada2001\Desktop\Projects\2024\Wall E\Q1 2024\WallE-Q1-2024\WALLEv2_margin_21to65.stp
= Copyright 1990 - 2023 MRDC Software Ltd, Kent, England
  CEP
  CSV 2002 style + Rounded numbers
  OLDNAMES
  C(A)=C:\Users\pada2001\Desktop\Projects\2024\Wall E\Q1 2024\WallE-Q1-2024\JAN2024.ASC
= MRDCL 32 version 23.1b startup completed
  
= ----- 01/03/2024 18:06:57 pm
= MRDCL 32 compilation phase startup
  Starting compilation
= Stage 1 (data)
= MRDCL 32 compilation phase completed
  
= ----- 01/03/2024 18:06:57 pm
= MRDCL 32 execution phase startup
= Stage 1 (data)
  Now opening file (A) number 1
  C:\Users\pada2001\Desktop\Projects\2024\Wall E\Q1 2024\WallE-Q1-2024\JAN2024.ASC
   835 lines read from JAN2024.ASC
=  Data lines read 835
=  Records 835
  Number of times reached finish data 835
  Write commands rejected 0
  Write commands accepted 835
  IDF records 835
= MRDCL 32 execution phase completed
  
= ----- 01/03/2024 18:07:18 pm
= MRDCL 32 print phase startup
>>F 216 No tables with selected set-up
  Errors 1
= MRDCL 32 print phase completed
= CL run completed
  Data lines read 835
  IDF data records 835
  
= ----- 01/03/2024 18:07:18 pm
