  
= ----- 18/03/2024 13:50:24 pm
= MRDCL 32 version 23.1b Startup
= C:\Users\pada2001\Desktop\Projects\2024\Wall E\Q1 2024\WallE-Q1-2024\WallE-WB.STP
= Copyright 1990 - 2023 MRDC Software Ltd, Kent, England
  CEP
  CSV 2002 style + Rounded numbers
  OLDNAMES
  TERSE
  C(A)=C:\Users\pada2001\Desktop\Projects\2024\Wall E\Q1 2024\WallE-Q1-2024\JAN2024V3.ASC
  C(A)=C:\Users\pada2001\Desktop\Projects\2024\Wall E\Q1 2024\WallE-Q1-2024\FEB2024V3.ASC
= MRDCL 32 version 23.1b startup completed
  
= ----- 18/03/2024 13:50:24 pm
= MRDCL 32 compilation phase startup
  Starting compilation
= Stage 1 (data)
  Temporary words used 23124
= MRDCL 32 compilation phase completed
  
= ----- 18/03/2024 13:50:28 pm
= MRDCL 32 execution phase startup
= Stage 1 (data)
  Now opening file (A) number 1
  C:\Users\pada2001\Desktop\Projects\2024\Wall E\Q1 2024\WallE-Q1-2024\JAN2024V3.ASC
   825 lines read from JAN2024V3.ASC
  Now opening file (A) number 2
  C:\Users\pada2001\Desktop\Projects\2024\Wall E\Q1 2024\WallE-Q1-2024\FEB2024V3.ASC
   867 lines read from FEB2024V3.ASC
=  Data lines read 1692
=  Records 1692
  Number of times reached finish data 1692
  Write commands rejected 0
  Write commands accepted 1692
  IDF records 1692
= MRDCL 32 execution phase completed
  
= ----- 18/03/2024 13:52:23 pm
= MRDCL 32 print phase startup
>>F 216 No tables with selected set-up
  Errors 1
= MRDCL 32 print phase completed
= CL run completed
  Data lines read 1692
  IDF data records 1692
  
= ----- 18/03/2024 13:52:23 pm
